Using pre-set license

 COMMAND LINE ARGUMENTS:
/Applications/Unity/Hub/Editor/2021.1.1f1/Unity.app/Contents/MacOS/Unity
-adb2
-batchMode
-noUpm
-name
AssetImportWorker0
-projectPath
/Users/ianmaher/Code/Unity/whodunnit
-logFile
Logs/AssetImportWorker0.log
-srvPort
51116
Successfully changed project path to: /Users/ianmaher/Code/Unity/whodunnit
/Users/ianmaher/Code/Unity/whodunnit
Using Asset Import Pipeline V2.
Refreshing native plugins compatible for Editor in 65.43 ms, found 1 plugins.
Preloading 0 native plugins for Editor in 0.00 ms.
Initialize engine version: 2021.1.1f1 (6fdc41dfa55a)
[Subsystems] Discovering subsystems at path /Applications/Unity/Hub/Editor/2021.1.1f1/Unity.app/Contents/Resources/UnitySubsystems
[Subsystems] Discovering subsystems at path /Users/ianmaher/Code/Unity/whodunnit/Assets
GfxDevice: creating device client; threaded=0; jobified=0
2021-04-05 15:56:03.118 Unity[25882:5020700] Color LCD preferred device: Intel Iris Graphics (low power)
2021-04-05 15:56:03.119 Unity[25882:5020700] Metal devices available: 1
2021-04-05 15:56:03.119 Unity[25882:5020700] 0: Intel Iris Graphics (low power)
2021-04-05 15:56:03.119 Unity[25882:5020700] Using device Intel Iris Graphics (low power)
Initializing Metal device caps: Intel Iris Graphics
Initialize mono
Mono path[0] = '/Applications/Unity/Hub/Editor/2021.1.1f1/Unity.app/Contents/Managed'
Mono path[1] = '/Applications/Unity/Hub/Editor/2021.1.1f1/Unity.app/Contents/MonoBleedingEdge/lib/mono/unityjit'
Mono config path = '/Applications/Unity/Hub/Editor/2021.1.1f1/Unity.app/Contents/MonoBleedingEdge/etc'
Using monoOptions --debugger-agent=transport=dt_socket,embedding=1,server=y,suspend=n,address=127.0.0.1:56882
Begin MonoManager ReloadAssembly
Registering precompiled unity dll's ...
Register platform support module: /Applications/Unity/Hub/Editor/2021.1.1f1/PlaybackEngines/WebGLSupport/UnityEditor.WebGL.Extensions.dll
Register platform support module: /Applications/Unity/Hub/Editor/2021.1.1f1/Unity.app/Contents/PlaybackEngines/MacStandaloneSupport/UnityEditor.OSXStandalone.Extensions.dll
Registered in 0.002865 seconds.
Native extension for OSXStandalone target not found
Native extension for WebGL target not found
Refreshing native plugins compatible for Editor in 59.06 ms, found 1 plugins.
Preloading 0 native plugins for Editor in 0.00 ms.
Mono: successfully reloaded assembly
- Completed reload, in  3.229 seconds
Platform modules already initialized, skipping
Registering precompiled user dll's ...
Registered in 0.003404 seconds.
Begin MonoManager ReloadAssembly
Native extension for OSXStandalone target not found
Native extension for WebGL target not found
Refreshing native plugins compatible for Editor in 0.79 ms, found 1 plugins.
Preloading 0 native plugins for Editor in 0.00 ms.
Mono: successfully reloaded assembly
- Completed reload, in  1.668 seconds
Platform modules already initialized, skipping
========================================================================
Worker process is ready to serve import requests
Launching external process: /Applications/Unity/Hub/Editor/2021.1.1f1/Unity.app/Contents/Tools/UnityShaderCompiler
Launched and connected shader compiler UnityShaderCompiler after 0.02 seconds
Refreshing native plugins compatible for Editor in 0.73 ms, found 1 plugins.
Preloading 0 native plugins for Editor in 0.00 ms.
Unloading 1811 Unused Serialized files (Serialized files now loaded: 0)
System memory in use before: 140.6 MB.
System memory in use after: 140.7 MB.

Unloading 46 unused Assets to reduce memory usage. Loaded Objects now: 2244.
Total: 8.522583 ms (FindLiveObjects: 0.430638 ms CreateObjectMapping: 0.274337 ms MarkObjects: 7.729625 ms  DeleteObjects: 0.086586 ms)

========================================================================
Received Import Request.
  path: Assets/Scenes/Verdict.unity
  artifactKey: Guid(14cd19a923c2d4b129d2dfbc2fb362cd) Importer(815301076,1909f56bfc062723c751e8b465ee728b)
Start importing Assets/Scenes/Verdict.unity using Guid(14cd19a923c2d4b129d2dfbc2fb362cd) Importer(815301076,1909f56bfc062723c751e8b465ee728b)  -> (artifact id: 'eb3127ba79d530f4cb3969b138e89acd') in 0.015663 seconds 
========================================================================
Received Import Request.
  Time since last request: 0.000292 seconds.
  path: Assets/Scenes/game.unity
  artifactKey: Guid(33b30609317bf447dacba4ccda66b1f7) Importer(815301076,1909f56bfc062723c751e8b465ee728b)
Start importing Assets/Scenes/game.unity using Guid(33b30609317bf447dacba4ccda66b1f7) Importer(815301076,1909f56bfc062723c751e8b465ee728b)  -> (artifact id: '66644ad736f2e7408bf4c0ae33d2a36f') in 0.002175 seconds 
========================================================================
Received Import Request.
  Time since last request: 0.000327 seconds.
  path: Assets/Scenes/splash.unity
  artifactKey: Guid(3088285c0543841b5ba75efcdf6b70eb) Importer(815301076,1909f56bfc062723c751e8b465ee728b)
Start importing Assets/Scenes/splash.unity using Guid(3088285c0543841b5ba75efcdf6b70eb) Importer(815301076,1909f56bfc062723c751e8b465ee728b)  -> (artifact id: '9062fc3623b64b91abc9f515d9b0f6d5') in 0.005135 seconds 
========================================================================
Received Import Request.
  Time since last request: 12.395169 seconds.
  path: Assets/Scenes/verdict.unity
  artifactKey: Guid(14cd19a923c2d4b129d2dfbc2fb362cd) Importer(815301076,1909f56bfc062723c751e8b465ee728b)
Start importing Assets/Scenes/verdict.unity using Guid(14cd19a923c2d4b129d2dfbc2fb362cd) Importer(815301076,1909f56bfc062723c751e8b465ee728b)  -> (artifact id: '78da15c7d75c9900073dc319517382bc') in 0.003042 seconds 
========================================================================
Received Prepare
Registering precompiled user dll's ...
Registered in 0.002063 seconds.
Begin MonoManager ReloadAssembly
Native extension for OSXStandalone target not found
Native extension for WebGL target not found
Refreshing native plugins compatible for Editor in 0.73 ms, found 1 plugins.
Preloading 0 native plugins for Editor in 0.00 ms.
Mono: successfully reloaded assembly
- Completed reload, in  1.477 seconds
Platform modules already initialized, skipping
Refreshing native plugins compatible for Editor in 0.72 ms, found 1 plugins.
Preloading 0 native plugins for Editor in 0.00 ms.
Unloading 1806 Unused Serialized files (Serialized files now loaded: 0)
System memory in use before: 140.8 MB.
System memory in use after: 140.9 MB.

Unloading 37 unused Assets to reduce memory usage. Loaded Objects now: 2247.
Total: 7.550556 ms (FindLiveObjects: 0.313632 ms CreateObjectMapping: 0.177476 ms MarkObjects: 7.020511 ms  DeleteObjects: 0.037154 ms)

========================================================================
Received Prepare
Refreshing native plugins compatible for Editor in 8.88 ms, found 1 plugins.
Preloading 0 native plugins for Editor in 0.00 ms.
Unloading 36 Unused Serialized files (Serialized files now loaded: 0)
System memory in use before: 105.7 MB.
System memory in use after: 105.8 MB.

Unloading 35 unused Assets to reduce memory usage. Loaded Objects now: 2247.
Total: 8.248078 ms (FindLiveObjects: 0.314478 ms CreateObjectMapping: 0.197001 ms MarkObjects: 7.701857 ms  DeleteObjects: 0.032708 ms)

========================================================================
Received Prepare
Refreshing native plugins compatible for Editor in 7.58 ms, found 1 plugins.
Preloading 0 native plugins for Editor in 0.00 ms.
Unloading 36 Unused Serialized files (Serialized files now loaded: 0)
System memory in use before: 105.8 MB.
System memory in use after: 105.9 MB.

Unloading 35 unused Assets to reduce memory usage. Loaded Objects now: 2247.
Total: 8.328150 ms (FindLiveObjects: 0.274208 ms CreateObjectMapping: 0.107443 ms MarkObjects: 7.911810 ms  DeleteObjects: 0.032551 ms)

========================================================================
Received Prepare
Refreshing native plugins compatible for Editor in 5.51 ms, found 1 plugins.
Preloading 0 native plugins for Editor in 0.00 ms.
Unloading 36 Unused Serialized files (Serialized files now loaded: 0)
System memory in use before: 105.8 MB.
System memory in use after: 105.9 MB.

Unloading 35 unused Assets to reduce memory usage. Loaded Objects now: 2247.
Total: 8.195883 ms (FindLiveObjects: 0.208718 ms CreateObjectMapping: 0.086935 ms MarkObjects: 7.857377 ms  DeleteObjects: 0.040705 ms)

